[cdnjs.cloudflare.com/ajax/libs/uikit/3.1.7/css/uikit.min.css]
[cdnjs.cloudflare.com/ajax/libs/uikit/3.1.7/js/uikit.min.js]
[cdnjs.cloudflare.com/ajax/libs/uikit/3.1.7/js/uikit-icons.min.js]
[cdnjs.cloudflare.com/ajax/libs/font-awesome/4.7.0/css/font-awesome.min.css]
[use.fontawesome.com/releases/v5.7.2/css/all.css]
[theox-web.glitch.me/main.js]
[backblue.gif]
[fade.gif]
[index.html]
[discordapp.com/invite/rwueWBT.html]
[discordapp.com/oauth2/authorizeee97.html]
[theox-web.glitch.me/index.html]
[cdnjs.cloudflare.com/ajax/libs/uikit/3.1.7/css/uikit.min.css]
[cdnjs.cloudflare.com/ajax/libs/font-awesome/4.7.0/css/font-awesome.min.css]
[discordapp.com/oauth2/authorizecb4a.html]
[media.discordapp.net/attachments/614244842033119243/644520499925483540/1447aaad56023ff0.png]
[theox-web.glitch.me/style.css]
[use.fontawesome.com/releases/v5.7.2/css/all.css]
[cdn.discordapp.com/icons/612316757683732480/5cdc372ba5fa4e22acc986de68b08c03dabb.jpg]
[discordapp.com/assets/0.1c8060f8888950bf2fd3.css]
[discordapp.com/assets/575c2da4b20c0b4e8a89.js]
[discordapp.com/assets/737b78f514078a23756e.js]
[discordapp.com/invite/rwueWBT.html]
[discordapp.com/assets/ee7c382d9257652a88c8f7b7f22a994d.png]
[discordapp.com/oauth2/authorizeee97.html]
[discordapp.com/oauth2/authorizecb4a.html]
[fonts.googleapis.com/earlyaccess/notokufiarabic.css]
[discordapp.com/assets/07dca80a102d4149e9736d4b162cff6f.ico]
[discordapp.com/assets/da840b1a6c5d073ca1c6710f8967502a.svg]
[discordapp.com/assets/9c3d15a94528df326eb741af39b9f0a9.svg]
[discordapp.com/assets/58af205d93958df634c5.js]
[discordapp.com/assets/e9baf4b505eb54129f832556ea16538e.svg]
[discordapp.com/assets/8eba753f8b6d02be1013c5e659b0fc2f.png]
[discordapp.com/assets/9fefebe24085efe085629513732efd08.svg]
[discordapp.com/assets/ec92991091f67ad3984517478f7a16e4.svg]
[discordapp.com/assets/5ad409a997b726652a95dba012336127.svg]
[discordapp.com/assets/13bb78e752946d8de8634202877a82c2.svg]
[discordapp.com/assets/35bdb177438e5bcf42c06716e31b113b.svg]
[discordapp.com/assets/2905486d806407b27588a4121422308b.svg]
[discordapp.com/assets/57568e1cfc37c81cf56db9498b4f128a.svg]
[discordapp.com/assets/7ddab19e24325212299490c2f413b122.svg]
[discordapp.com/assets/d73fd4014c02b360d9529a720ecb7c44.svg]
[discordapp.com/assets/676bfec9f4343f6fcdf0a12ae313a3de.svg]
[discordapp.com/assets/d6221c5e88f5cb89f125868c077e9859.svg]
[discordapp.com/assets/37ce528f3abf4d735a624309e990acc6.svg]
[discordapp.com/assets/a3bee2061afed80c5bd76ff38cd18f0e.svg]
[discordapp.com/assets/f8e3f6e7b2cf5f10aed43243560a1b91.svg]
[discordapp.com/assets/0c460e9b848f5c4cc964ae9c62c0f9b9.svg]
[discordapp.com/assets/00a1b0447f0474ecaa767a4bc09fe2ed.svg]
[discordapp.com/assets/5bac8a5909510f58c12ee6ae724eecbb.svg]
[discordapp.com/assets/3a10988d0f55c63294100b270818207a.svg]
[discordapp.com/assets/725244a8d98fc7f9f2c4a3b3257176e6.svg]
[discordapp.com/assets/976b56da8d86af63aef4f55afb553a9f.png]
[discordapp.com/assets/171a53265b4d807b208e80f1acba3762.png]
[discordapp.com/assets/cd0d0b191b8251c1351a5747038011af.svg]
[discordapp.com/assets/7d1147d903beea4a0654d2b60837a1d6.svg]
[discordapp.com/assets/b614d13eb16fbcdbeacd6bad8b63460f.svg]
[discordapp.com/assets/c1dcb16867925c58352de56605ee348d.svg]
[discordapp.com/assets/f88725d12c605f4875d3d57151c6f691.svg]
[discordapp.com/assets/9a3ebeaac711b37a91b7de9b3ae55b21.svg]
[discordapp.com/assets/b5f7a9a2a7229d09a35be506bac28cfc.svg]
[discordapp.com/assets/cc937e858e11c0efe2457537c21c26c5.svg]
[discordapp.com/assets/063c20d352db432fe0b7afa317cf40dc.svg]
[discordapp.com/assets/8d2cc61d9f06d4b1fb0e3b15b36b2817.svg]
[discordapp.com/assets/88635b43b1f70f094f034b1cce8ab329.svg]
[discordapp.com/assets/27ed7eb4a867f79c70615b9e9e68fe5b.svg]
[discordapp.com/assets/fd8340095bf2e0c2b9bf4d5912c02c63.svg]
[discordapp.com/assets/fb6a21ef85b63dec6e7c01c683904e8f.svg]
[discordapp.com/assets/97e866482f43d3ebd2496641cd934904.svg]
[discordapp.com/assets/812570a44349d2d8a39326a703d46a48.svg]
[discordapp.com/assets/d031d99c36c9a2ed72572e8aa57c7e29.svg]
[discordapp.com/assets/7d74fde5c67e7d6dd17ebefedce42c74.svg]
[discordapp.com/assets/c4fcc96859526eae2dfd060c7eeaa303.svg]
[discordapp.com/assets/131dcaaa628405e6d0ebee7708111c7a.svg]
[discordapp.com/assets/d0320d29cdef93b8e2baf889a28d32e0.svg]
[discordapp.com/assets/cb022a13e6d1ccbfdc832dbf2d23026a.svg]
[discordapp.com/assets/d2d5349e18523c06528f5a5c5665f804.svg]
[discordapp.com/assets/a79968491ff3fb067ce4d398beb4ade3.jpg]
[discordapp.com/assets/5c5bb53489a0a9f602df0a24c5981523.svg]
[discordapp.com/assets/1afb8f8e80a200ef3aa11131c0c07934.png]
[discordapp.com/assets/eb7df431c75a876011cf8a271e42ef67.svg]
[discordapp.com/assets/0dad6ae26c09abbd543809368519a210.svg]
[discordapp.com/assets/070055737be7cc01fb3d27820574133e.png]
[discordapp.com/assets/5cead3f236ff233c59ebbf9caeda1b84.svg]
[discordapp.com/assets/6c6374bad0b0b6d204d8d6dc4a18d820.woff]
[discordapp.com/assets/e8acd7d9bf6207f99350ca9f9e23b168.woff]
[discordapp.com/assets/3bdef1251a424500c1b3a78dea9b7e57.woff]
[discordapp.com/assets/be0060dafb7a0e31d2a1ca17c0708636.woff]
[discordapp.com/assets/8e12fb4f14d9c4592eb8ec9f22337b04.woff]
[discordapp.com/assets/5d57632291e09c5bc2b5d6a0b20179fa.png]
[discordapp.com/assets/d20e43cdcadf850cfd8d4e953df0f3b4.png]
[discordapp.com/assets/f4e75b5cafce1efdfc7013113575f9ff.svg]
[discordapp.com/assets/57084ade1ef56635452abceaca20d0bd.svg]
[discordapp.com/assets/0fce6d7622d8173fcee0397634bff5b5.svg]
[discordapp.com/assets/7619529e87dad31fd2ae83d9b9583e49.svg]
[discordapp.com/assets/60c3eaf0d7173c929482362ea1d2543a.svg]
[discordapp.com/assets/4ab2ee5027741df387151ca717ae5614.svg]
[discordapp.com/assets/a4ef7d20760cef4c165825770fd12ac7.svg]
[discordapp.com/assets/dae57381bd2599b546fc014a41708c06.svg]
[discordapp.com/assets/4dccddb260f35cb6e7c4abd18b407e1a.svg]
[discordapp.com/assets/308ff351ddeee9adf7ad36bc07721744.svg]
[discordapp.com/assets/6a58ca3bc7015878ee64e769fd9d97d6.svg]
[discordapp.com/assets/b17fae7e904d1b03b9b30a0757d72bc1.svg]
[discordapp.com/assets/3408a4597fdee6f7edef69f7fb487b38.svg]
[discordapp.com/assets/83b4390a8982df16d8b75d3282894c0f.svg]
[discordapp.com/assets/f3c851bfdcc86909ac7a0889040ce8fc.svg]
[discordapp.com/assets/555a9bd0f67bc5f7d0c78d5c98ad6dc9.svg]
[discordapp.com/assets/92fc72e47a5854ae12c1167e69573d77.svg]
[discordapp.com/assets/f307550b0e648168fc41b9ec4dc7ed5c.png]
[discordapp.com/assets/e25713e4eba8c1e069ceac8f90262f62.svg]
[discordapp.com/assets/8436f69c3df6453ce7c9c0deefeddfc1.svg]
[discordapp.com/assets/f815a774c2b98d3109293a4e2afb733c.svg]
[discordapp.com/assets/0c735bf91232f2a2266e6ba9d6753565.svg]
[discordapp.com/assets/3b24a631844102c844f8a27d9634b6fc.svg]
[discordapp.com/assets/2ad33adc723eef7837aa4432d8b8e1be.svg]
[discordapp.com/assets/97645e390161ce066d6a8d010d4d705c.svg]
[discordapp.com/assets/b5d0fabb4afdf0666f3785f8c1d3beff.svg]
[discordapp.com/assets/e0c782560fd96acd7f01fda1f8c6ff24.svg]
[discordapp.com/assets/5b0da31dc2b00717c1e35fb1f84f9b9b.svg]
[discordapp.com/assets/04a2e1509ad72be575b1529b51ea3977.svg]
[discordapp.com/assets/4fd13d0ae5ddd4d5d3be4568b2090c1a.png]
[discordapp.com/assets/03d37220fc9a402dfc1ac0fc3a0e68f0.svg]
[discordapp.com/assets/013c5f80926ca992c0d708af8ff334ea.svg]
[discordapp.com/assets/bb0498a0c697a956f54f2b26216d6a2e.svg]
[discordapp.com/assets/a873f632f0c10166704d70d7fb966565.svg]
[discordapp.com/assets/19298ddf142a1ceaf0adaeda2f224490.svg]
[discordapp.com/assets/da122e6ea7c85ec7db00cf1949dad206.svg]
[discordapp.com/assets/60a561f293f7769527f40116503320a5.svg]
[discordapp.com/assets/94ff6fdc535b6ecb7b1bc54f2dd56a10.svg]
[discordapp.com/assets/f6af0869894912b0d08e2729fd9c22c9.svg]
[discordapp.com/assets/c486dc65ce2877eeb18e4c39bb49507a.svg]
[discordapp.com/assets/8c1fd3ecbbf620ec49cecda2aa53f256.svg]
[discordapp.com/assets/322977be43163c5e0a9d2a1108ae04c9.svg]
[discordapp.com/assets/b1c929f9160a3fe04306b6aef6fa1c02.svg]
[discordapp.com/assets/124a09b8684fa95bdd529d71fbe66f01.svg]
[discordapp.com/assets/a548e6d1dcea000b680726ff489a84a8.svg]
[discordapp.com/assets/0b298968e0a756e25677771fd6b58b34.svg]
[discordapp.com/assets/0900c33038a1b28283644e5870de552f.svg]
[discordapp.com/assets/0858a3392fd80f98d8957ad7c3e195d3.svg]
[discordapp.com/assets/a7071622918d45eac43d07e0fc92d44c.svg]
[discordapp.com/assets/9d5a0ed6004593447a865df0f7eb149e.svg]
[discordapp.com/assets/38bba2d1bd82fd0b60d33367adccf8b7.svg]
[discordapp.com/assets/fd7c3b7bb65f185a5d91f5302f30ac0c.svg]
[discordapp.com/assets/2cff836e7866cfd41cf71752ed033f1c.svg]
[discordapp.com/assets/b5db5aa26e85a4239c15f10eab2031c0.svg]
[discordapp.com/assets/b5061d752abdcf5f44d6f1a217cd0853.svg]
[discordapp.com/assets/601c3d0141413d8eea298446d32ca099.svg]
[discordapp.com/assets/53947b826826947323199b1a83733067.svg]
[discordapp.com/assets/c428699bc4a1e93837f27f90b12c09e3.svg]
[discordapp.com/assets/b4c2db8382a5bfd5dd7155ed1bdbb3b8.svg]
[discordapp.com/assets/a8bd496e2e9ca833d249a7b18f41efdd.svg]
[discordapp.com/assets/22955365220abc3015256c85523bf98e.svg]
[discordapp.com/assets/1c1c67aae5a734eecf7a911cc5fde2de.svg]
[discordapp.com/assets/436a2bee259beb0347ee31bb238eb1aa.svg]
[discordapp.com/assets/bbb590c56a4598276e5ff9270b6c382a.svg]
[discordapp.com/assets/94eccecad8658fe53d1cd37fab50940d.svg]
[discordapp.com/assets/f38704754b1f737d5fa7bf4545bc5bba.svg]
[discordapp.com/assets/fc3f5f9be1a4db14b02336b7cb02e6ce.svg]
[discordapp.com/assets/edb23a53ea40ac60f212ebae66e5c5c7.svg]
[discordapp.com/assets/343c9ff4c775c66a7d4af1f8691c34e0.svg]
[discordapp.com/assets/30af96a386520760ad107c5b77ba002a.svg]
[discordapp.com/assets/7a9bf92329dad473ef0383ae75367215.svg]
[discordapp.com/assets/4b33371531a1a89f99296a73fc9ef588.svg]
[discordapp.com/assets/a9098042cb36b955c5021259f1d48f91.svg]
[discordapp.com/assets/af043346e036ef7b1aac1cf42cd1e699.svg]
[discordapp.com/assets/2a37995eb832bae805190a93ba043857.svg]
[discordapp.com/assets/0176a91b4c44ed05c05af68784e78da8.svg]
[discordapp.com/assets/84215a5fec3d9de9960a225143238d74.svg]
[discordapp.com/assets/a6975850d800aa86162b4aa5f18c41ac.svg]
[discordapp.com/assets/4ac0e382cc7b8aa0cb1d6d074b0e8ba5.svg]
[discordapp.com/assets/8c85e30795486caa8caacd829703459d.svg]
[discordapp.com/assets/5b7e23080bfec53f966b806abcde8def.svg]
[discordapp.com/assets/f8cb59be6e5a492dc4f98cfea20e6d82.svg]
[discordapp.com/assets/8b86f90154cbe38507a14fdd34367f17.svg]
[discordapp.com/assets/f58cf3b8fc79e9d671ab649ab37651a9.svg]
[discordapp.com/assets/9b1b76abb59b5c8a41daea1342f2138a.svg]
[discordapp.com/assets/33715a0239611123e6088a88a59bd22f.svg]
[discordapp.com/assets/233d4e910b6df8c10238d43fc0013d55.svg]
[discordapp.com/assets/30a3036e40d0f175912ec96c03596e29.svg]
[discordapp.com/assets/d5c25e76af04cea8997e4a060572feae.svg]
[discordapp.com/assets/c23878305091e47e5c82ac7068fa936d.svg]
[discordapp.com/assets/5c08e6a946c329d6b12a4810547b58de.svg]
[discordapp.com/assets/5938438b22779696a9039caf262ff72b.svg]
[discordapp.com/assets/a8564dac0d728add0025be388f5ad7a2.svg]
[discordapp.com/assets/90886907ea157e9e6a20ecac688b31ae.svg]
[discordapp.com/assets/b93ef52d62a513a4f2127a6ca0c3208c.svg]
[discordapp.com/assets/16f17f1916fb411b98e44008b2535a83.svg]
[discordapp.com/assets/43ef95a06d48914382c9350e6e31ce1e.svg]
[discordapp.com/assets/4ff8cb6b5b46bca3c6882c4f6d1c7390.svg]
[discordapp.com/assets/c2e09a95e595bfb12fa040d56ca27db5.svg]
[discordapp.com/assets/ae64c288e355d4d6aff832d4c16b5662.svg]
[discordapp.com/assets/8ff5fffe28b93f25102eaf42da4e6e3b.svg]
[discordapp.com/assets/cfd069bf842ae4234bcab2096b34f331.svg]
[discordapp.com/assets/012426a1f0780d7d36be6c39d9c1e6ed.png]
[discordapp.com/assets/6bf0150b5ab7622ea15150094e3c4850.png]
[discordapp.com/assets/5eed3f20bc3c75fd5ff63c60df8f679d.png]
[discordapp.com/assets/129bf63f677720a34bc7ffeb74468a0e.png]
[discordapp.com/assets/7616be62f9b90270b5a2e1fe9d2ece4f.svg]
[discordapp.com/assets/07778297eb1e1e3d9bd3cd302920d5fb.svg]
[discordapp.com/assets/db7900a7a191ecf1949f15dd20dce2b2.svg]
[discordapp.com/assets/83d501f2b7dd2987302ce29b321f4494.svg]
[discordapp.com/assets/326d79eb53886c88437e99a3754b1cd0.svg]
[discordapp.com/assets/f9b7cc1482468c130d968400ba20f598.svg]
[discordapp.com/assets/e695cb4a18202a6053674a346e6ba4c2.svg]
[discordapp.com/assets/425c04911bfea22eaaed168b8ff19634.svg]
[discordapp.com/assets/5394ee87ee70ed19baa541daa689210c.svg]
[discordapp.com/assets/3e0be9639d8d4f7fee2266ec79a9af90.svg]
[discordapp.com/assets/53a5882c841b71e9786d6f84c21f8018.svg]
[discordapp.com/assets/a96ad48450382ff5df965439222d1459.svg]
[discordapp.com/assets/ca1d0b393ba2e47bc538233e342af587.svg]
[discordapp.com/assets/7490848d1fcddf075abeb71e2d1aaff3.svg]
[discordapp.com/assets/af4424ffab53593f696947192ff1854a.svg]
[discordapp.com/assets/f0a2cc54695a7064a1f02e5ca8b95ccc.svg]
[discordapp.com/assets/29462d0b6c33d2ed874aa982f6f99326.svg]
[discordapp.com/assets/ba018cf9baa19824316dc4c2beb080a4.svg]
[discordapp.com/assets/4b89ef91230382c6b96b00748a084c75.svg]
[discordapp.com/assets/6acb20d5e709b34b6a7f36ec13648666.svg]
[discordapp.com/assets/c7539bb38577495f5021c8ea455c7145.png]
[discordapp.com/assets/22a50c5f66884ef5762f0a0b96d1ef08.png]
[discordapp.com/assets/a66f45abf930caa0b221315ebbc031de.png]
[discordapp.com/assets/237a2f9325a83d230fb30b2cd63bbfe6.png]
[discordapp.com/assets/0e773bb475b552235a800e6424e43e6b.png]
[discordapp.com/assets/cf13db31abf9a13e54f5f43599eef59a.png]
[discordapp.com/assets/1c20f6ecd2d83c1844a3fd6da306d239.png]
[discordapp.com/assets/64aaf58241b1f4a6c9655564d0f0b028.png]
[discordapp.com/assets/07c7a85ef9cb930a3797629fc9a537cd.png]
[discordapp.com/assets/c13a0b03a798023c27155fad5f0c7a61.png]
[discordapp.com/assets/eb0e7f0b11970eca575cbdc7718e8482.png]
[discordapp.com/assets/18d708afcc8653f148927a308b203be2.png]
[discordapp.com/assets/16bd6f7e8c2feedd7fa44d25013e687f.svg]
[discordapp.com/assets/4f86d7f58df32580164fc595377c0169.svg]
[discordapp.com/assets/f690b8a9cd33cda18e431d4717fff5ab.svg]
[discordapp.com/assets/1eed0d895df6e35f164d8ed5e84037d2.svg]
[discordapp.com/assets/f93ba18cdc453c1237a7f26f418c07a7.svg]
[discordapp.com/assets/0e17b389a91d9a6394adf634360a8843.svg]
[discordapp.com/assets/45f8f2fff41b2fb694ff780810fa3a96.svg]
[discordapp.com/assets/f899de04ecfface32db505c74a6fd351.svg]
[discordapp.com/assets/2ceb472e89545af8543aa44b072b910d.svg]
[discordapp.com/assets/0e88c0d5ad220379d8e2438dd6444222.svg]
[discordapp.com/assets/9bccf834edfbb31d3b8bd3d72e279f6c.svg]
[discordapp.com/assets/83942d9e1bfaf1e07b77a68504607b72.svg]
[discordapp.com/assets/d211ec6a4c42a1a38e79323b40511eeb.svg]
[discordapp.com/assets/4b9c3419c57d838c4076abc9d34dbea7.svg]
[discordapp.com/assets/c834f632477ae77b1e4b36c14e32c400.svg]
[discordapp.com/assets/a36505883459aecf5df0ae54c6d7495f.svg]
[discordapp.com/assets/4699af7bed6f8dc09678c7058a273fed.svg]
[discordapp.com/assets/74b9da342c47ebf0570fccbaa304c400.svg]
[discordapp.com/assets/7558b67985f4035ed2b2cf9e3072d81f.svg]
[discordapp.com/assets/81ded87ebac6f9d55e8624a3e5167c8f.svg]
[discordapp.com/assets/03863b539aec443327ca2ffc51a89dac.svg]
[discordapp.com/assets/3b65c741e596bc0979f7ba0c42de6fff.svg]
[discordapp.com/assets/e260177e5165e6789e30b9592df75424.svg]
[discordapp.com/assets/854593608c634a933f26c9c57807ce35.svg]
[discordapp.com/assets/44eef677f2a490dc0cb23a67e59a6223.svg]
[discordapp.com/assets/4577a7146df5d177b2d61d16927615ec.svg]
[discordapp.com/assets/a83463d9763516332570b37731572733.svg]
[discordapp.com/assets/849b82ae5737d6bc9e2e9aa775ae824e.svg]
[discordapp.com/assets/20dd85a827abd406dc6d642e0b8f8318.svg]
[discordapp.com/assets/5b4617d4c019fb25a90cb2d9d687f684.svg]
[discordapp.com/assets/38b74213be1746737de58cc497333709.svg]
[discordapp.com/assets/86d242e991560f6cd1f9d2c453d622e8.svg]
[discordapp.com/assets/1550b30e889297c2a911c7d65428018f.svg]
[discordapp.com/assets/49fd891b6dc505a4634b8521c8206359.svg]
[discordapp.com/assets/a53a3ab0bb359e4daafa5fab1b627367.svg]
[discordapp.com/assets/985fa38ded6c8b4030cb8f7c814a333b.svg]
[discordapp.com/assets/d74ea2377c663a5d74789b87e07c657b.svg]
[discordapp.com/assets/2ec655685c2de6476c4a05ac51878429.svg]
[discordapp.com/assets/5a13aa1ab6e6de3a7464e297fd66f5ea.svg]
[discordapp.com/assets/93dcfc8506912b3bc9e38bca76f868be.svg]
[discordapp.com/assets/ec594c6768af37f96532258288f443b6.svg]
[discordapp.com/assets/d1d0faaade7858d1e36fe8b959a1759d.svg]
[discordapp.com/assets/00be7f6ca68f1915a80ae01f061718e5.svg]
[discordapp.com/assets/cb89c31c79a62ae99ec12351c1efb277.svg]
[discordapp.com/assets/92e2f3456fe16b595b25e0bf8e307424.svg]
[discordapp.com/assets/63057dec1b09e97582380bf060ac96f0.svg]
[discordapp.com/assets/4d4bb237c6ab7d39ae86316402a5bd64.svg]
[discordapp.com/assets/f2d64bbdd91ed21362225050574bc871.svg]
[discordapp.com/assets/0f70ca2871644a7088a012669e07299c.svg]
[discordapp.com/assets/d0dfff59c4724575857f24869cbdeb26.svg]
[discordapp.com/assets/01087a6958e516f107294541e197693f.svg]
[discordapp.com/assets/dabe44acadaefe22357acd28244b1933.svg]
[discordapp.com/assets/3b731e42a2a9fd6b25dbbaab63fd1c4f.svg]
[discordapp.com/assets/b3c1fa853d8ee7e926104cb3c94c16c0.svg]
[discordapp.com/assets/08e84d2915ec96159597ba85fd7c5793.svg]
[discordapp.com/assets/b44da97e40cc628c39b0a0441c356e2d.svg]
[discordapp.com/assets/71e404e665541ef97f99fe9af6593aca.svg]
[discordapp.com/assets/7731c77d99babca1a8faec204d98c380.svg]
[discordapp.com/assets/24b843ed68d70abffbf4fdab9b400cc9.svg]
[discordapp.com/assets/ca511da5c9b326e5cb3f6befab1a3143.svg]
[discordapp.com/assets/296aebeec33f5ce47db9ebbee9ccf1fc.svg]
[discordapp.com/assets/9328a2df4b542ac8725b57010a52f73b.svg]
[discordapp.com/assets/6a737f7b8384b26ac45e389dbab5b43b.svg]
[discordapp.com/assets/95a99c20457b563a45238e98545c2744.svg]
[discordapp.com/assets/f6c22e729e8546947eb67d1e67c24697.svg]
[discordapp.com/assets/977b07ee9069ef7dbf22c1438697d693.svg]
[discordapp.com/assets/916a384814e3bbd2a84e2a1b352a17c3.svg]
[discordapp.com/assets/bf625d222187f542b9d7179109422e2c.svg]
[discordapp.com/assets/8fdb69b7684b8e1ecb3fdde909daca41.svg]
[discordapp.com/assets/ccd6ad0b6897a9f4fb5cc82de4c26317.svg]
[discordapp.com/assets/c65bdfef89fe3a7456a727a4cf58933c.svg]
[discordapp.com/assets/25acad70d165d46b460754aacfdc388b.svg]
[discordapp.com/assets/363100986010f8b6b340e23ffcd54b14.svg]
[discordapp.com/assets/0d3ab098d4a411aa7bffcc98804b91fd.svg]
[discordapp.com/assets/119de0e66a41e5a39d17f2699b34b3f2.svg]
[discordapp.com/assets/afc17a02f2ea7406b0ee518c28414f7c.svg]
[discordapp.com/assets/eb69ec9fdd30653a3ade1ab501a7cd3d.svg]
[discordapp.com/assets/c970061def69b8226617841ca3089219.svg]
[discordapp.com/assets/46b24114f7276738329be3ae84e22da4.svg]
[discordapp.com/assets/b13ade832d7f19e30c5d2452b6cbdd53.svg]
[discordapp.com/assets/c48ff253859d29a8825ddb00b59a4565.svg]
[discordapp.com/assets/cefc9c14adce616059f519c581331b32.svg]
[discordapp.com/assets/890ba09792d4b17f9cffacdd81df6b71.svg]
[discordapp.com/assets/a99de44bba751701d4de08fa81041ed0.svg]
[discordapp.com/assets/860396b3ff3fa1c4ae355bebfabadecb.svg]
[discordapp.com/assets/757364bd612744e9d9f500828124f03c.svg]
[discordapp.com/assets/b21efa6180f92568fade7f05cbb4f872.svg]
[discordapp.com/assets/d03d90cb6f12a7ea06274b278dfa4160.svg]
[discordapp.com/assets/7b6ed225050df29a07cb5db712d35a73.svg]
[discordapp.com/assets/4dbcadc3cf1d0619a4eddb452b72a74d.svg]
[discordapp.com/assets/5a24b20b84fb3eafc138916729386e76.svg]
[discordapp.com/assets/e500b2fe39bd0080b48e740d9d96e240.svg]
[discordapp.com/assets/0e7920033898f01ae5de8497f6371f4b.svg]
[discordapp.com/assets/62361315d5e35b7a6b5f0f0833dac5db.svg]
[discordapp.com/assets/33debfc680a86b77cd72203f1fb4d8a7.svg]
[discordapp.com/assets/0c89a0b25036b406bcbcf37701ec738f.svg]
[discordapp.com/assets/a10842455004efe987e0a27f5209cb4b.svg]
[discordapp.com/assets/5f8406a9cccbd48676551b6250e295e4.svg]
[discordapp.com/assets/c290235278e128e94ae5ac37e58c5cbb.svg]
[discordapp.com/assets/ca452f5271ebcc7132db59f60a2a9cfe.svg]
[discordapp.com/assets/e1969c99c7929450baa3c88fab8e244c.svg]
[discordapp.com/assets/91efb70de850b7180044d04def863f07.svg]
[discordapp.com/assets/5d7b0c4b2a82d63d829b6ea591853c22.svg]
[discordapp.com/assets/2cf1ec0c044e0a2bdf7d818a1c8a7101.svg]
[discordapp.com/assets/743ca46af146337e82c2873bfac05c03.svg]
[discordapp.com/assets/41b546a5b2935c29e058414aa65cecf9.svg]
[discordapp.com/assets/4f1cd2e93ce6be829b3f77b76d8fb83b.svg]
[discordapp.com/assets/02435ae88c6d1605bfd3a0fa6620ab1d.svg]
[discordapp.com/assets/8923d313e1704c4bc45025fc8463affd.svg]
[discordapp.com/assets/0c840f9cc846705b725bd89aec58f994.svg]
[discordapp.com/assets/42c81194eaf9128b942adc5d2a6fd66e.svg]
[discordapp.com/assets/7ca3dac0d2be2df1243c9be265d1ba85.svg]
[discordapp.com/assets/1886d335301dfb2a33bea3d76af6804b.svg]
[discordapp.com/assets/6995a016684f7b81cea3f33964755942.svg]
[discordapp.com/assets/ce828de1535235f9a651b1136121d623.png]
[discordapp.com/assets/9d77e5ce0a912548cad23cc37734298d.svg]
[discordapp.com/assets/388e9ee0c98652636ba0f7a2ef43760f.svg]
[discordapp.com/assets/70e65c8e9c0a2cb41a9226880486b0a5.svg]
[discordapp.com/assets/eb57a76361c43375bf23207ad2acc631.svg]
[discordapp.com/assets/19494428f3a5649ffd64818fc75d0e76.png]
[discordapp.com/assets/6906eb345e3aeb89322c5167db31c1f6.png]
[discordapp.com/assets/b9cf5548cc5a23a6943f194a0ace88f8.svg]
[discordapp.com/assets/845d431ebfc24e13a0b31f7e64fc612b.png]
[discordapp.com/assets/8fb52ec5260dfe6c5b93d211d3b6ecde.png]
[discordapp.com/assets/3bd0d83cb24ccf918b757ab5c18dc564.svg]
[discordapp.com/assets/15bc6312ff83991a86d4eb9be19094d6.svg]
[discordapp.com/assets/7c6b9649a101a9d3e28044d66ee65730.svg]
[discordapp.com/assets/4f004ac9be168ac6ee18fc442a52ab53.svg]
[discordapp.com/assets/0c78ea6377b186e6675fed771165efc0.png]
[discordapp.com/assets/a0e288a458c48dfcf548dadc277e42e6.svg]
[discordapp.com/assets/7cfd90c8062139e4804a1fa59f564731.svg]
[discordapp.com/assets/3a050fcc884255231b99b7033c776070.svg]
[discordapp.com/assets/1115767aed344e96a27a12e97718c171.svg]
[discordapp.com/assets/d3478c6bd5cee0fc600e55935ddc81aa.svg]
[discordapp.com/assets/2a085ed9c86f3613935a6a8667ba8b89.svg]
[discordapp.com/assets/75f75c3142b8d44ea7052c2bcb9a9043.svg]
[discordapp.com/assets/d4a8fe68fc5f40c8a778f858881a7b84.svg]
[discordapp.com/assets/5dc48a7859a00e7d95ad8382156aab84.svg]
[discordapp.com/assets/ce15562552e3d70c56d5408cfeed2ffd.svg]
[discordapp.com/assets/379d2b3171722ef8be494231234da5d1.svg]
[discordapp.com/assets/df26f079738a4dcd07cbce6eb3c957f1.svg]
[discordapp.com/assets/a86d7e56b8208da9f8623ac49fe822dc.svg]
[discordapp.com/assets/e85361cd599b6722548c5a5f003b4b78.svg]
[discordapp.com/assets/7a0be61e754af3353d0871070f46a9d6.svg]
[discordapp.com/assets/88f960f400930f109847d0335685de69.svg]
[discordapp.com/assets/a99def5f819c077e5e5061cab741b7e6.svg]
[discordapp.com/assets/2cfb317f3db3963d8ded9a97ee967bac.svg]
[discordapp.com/assets/278736f579d810b11ddf308cb598b19e.svg]
[discordapp.com/assets/38e40f25802a0fdf480d9b855a37a2f3.svg]
[discordapp.com/assets/cfbc2d8ceacfacf07850f986c8165195.svg]
[discordapp.com/assets/4358ad1fb423b346324516453750f569.svg]
[discordapp.com/assets/33fedf082addb91d88abc272b4b18daa.svg]
[discordapp.com/assets/6c73f47daf179ffade99f501bfc5101b.svg]
[discordapp.com/assets/64ae1208b6aefc0a0c3681e6be36f0ff.svg]
[discordapp.com/assets/48cf0556d93901c8cb16317be2436523.svg]
[discordapp.com/assets/9fdc63ef8a3cc1617c7586286c34e4f1.svg]
[discordapp.com/assets/26a2dc8c9d70955a988cb377eec84c22.svg]
[discordapp.com/assets/88d4f11bee9ea34fee59973b33353da0.svg]
[discordapp.com/assets/3245b2cd85b787b195ea8f6e10ef5790.svg]
[discordapp.com/assets/23e59d799436a73c024819f84ea0b627.svg]
[discordapp.com/assets/386884eecd36164487505ddfbac35a9d.svg]
[discordapp.com/assets/f61b8981e92feead854f52e5a1ba14f0.svg]
[discordapp.com/assets/fbb6f1e160280f0e9aeb5d7c452eefe1.svg]
[discordapp.com/assets/b4b741bef6c3de9b29e2e0653e294620.svg]
[discordapp.com/assets/93f5a393e22796a850931483166d7cb9.svg]
[discordapp.com/assets/4c380650960c2b1e1584115d5e9ad63b.svg]
[discordapp.com/assets/438dd7ecbffcf21b6cbf2773ade51a04.svg]
[discordapp.com/assets/7a5f78de816fcecbbd1d5d6e635cc7dd.svg]
[discordapp.com/assets/f31d590e1f3629cd0b614330f4a8ee2a.svg]
[discordapp.com/assets/9ba64f1fa91ccde0eba506c1c33f3d1a.svg]
[discordapp.com/assets/e18336bc1141d8a5e88379e41e91cacb.svg]
[discordapp.com/assets/87ad02315e38924402c7fb5017cf11ab.svg]
[discordapp.com/assets/ca3f5ec71bb86c6aeb015bb0d54a10fa.svg]
[discordapp.com/assets/40311479d87be9ab59aef9571750cd5f.svg]
[discordapp.com/assets/38af48da1542dfedce582fc5e8042285.svg]
[discordapp.com/assets/898a7791572e9e050735eeec7e25739d.svg]
[discordapp.com/assets/424e19296e4f30c0c8424f8407512b94.svg]
[discordapp.com/assets/0.1c8060f8888950bf2fd3.css]
[discordapp.com/assets/da840b1a6c5d073ca1c6710f8967502a.svg]
[discordapp.com/assets/9c3d15a94528df326eb741af39b9f0a9.svg]
[discordapp.com/assets/e9baf4b505eb54129f832556ea16538e.svg]
[discordapp.com/assets/9fefebe24085efe085629513732efd08.svg]
[discordapp.com/assets/ec92991091f67ad3984517478f7a16e4.svg]
[discordapp.com/assets/5ad409a997b726652a95dba012336127.svg]
[discordapp.com/assets/13bb78e752946d8de8634202877a82c2.svg]
[discordapp.com/assets/35bdb177438e5bcf42c06716e31b113b.svg]
[discordapp.com/assets/2905486d806407b27588a4121422308b.svg]
[discordapp.com/assets/57568e1cfc37c81cf56db9498b4f128a.svg]
[discordapp.com/assets/7ddab19e24325212299490c2f413b122.svg]
[discordapp.com/assets/d73fd4014c02b360d9529a720ecb7c44.svg]
[discordapp.com/assets/676bfec9f4343f6fcdf0a12ae313a3de.svg]
[discordapp.com/assets/d6221c5e88f5cb89f125868c077e9859.svg]
[discordapp.com/assets/37ce528f3abf4d735a624309e990acc6.svg]
[discordapp.com/assets/a3bee2061afed80c5bd76ff38cd18f0e.svg]
[discordapp.com/assets/f8e3f6e7b2cf5f10aed43243560a1b91.svg]
[discordapp.com/assets/0c460e9b848f5c4cc964ae9c62c0f9b9.svg]
[discordapp.com/assets/00a1b0447f0474ecaa767a4bc09fe2ed.svg]
[discordapp.com/assets/5bac8a5909510f58c12ee6ae724eecbb.svg]
[discordapp.com/assets/3a10988d0f55c63294100b270818207a.svg]
[discordapp.com/assets/725244a8d98fc7f9f2c4a3b3257176e6.svg]
[discordapp.com/assets/cd0d0b191b8251c1351a5747038011af.svg]
[discordapp.com/assets/7d1147d903beea4a0654d2b60837a1d6.svg]
[discordapp.com/assets/b614d13eb16fbcdbeacd6bad8b63460f.svg]
[discordapp.com/assets/c1dcb16867925c58352de56605ee348d.svg]
[discordapp.com/assets/f88725d12c605f4875d3d57151c6f691.svg]
[discordapp.com/assets/9a3ebeaac711b37a91b7de9b3ae55b21.svg]
[discordapp.com/assets/b5f7a9a2a7229d09a35be506bac28cfc.svg]
[discordapp.com/assets/cc937e858e11c0efe2457537c21c26c5.svg]
[discordapp.com/assets/063c20d352db432fe0b7afa317cf40dc.svg]
[discordapp.com/assets/8d2cc61d9f06d4b1fb0e3b15b36b2817.svg]
[discordapp.com/assets/88635b43b1f70f094f034b1cce8ab329.svg]
[discordapp.com/assets/27ed7eb4a867f79c70615b9e9e68fe5b.svg]
[discordapp.com/assets/fd8340095bf2e0c2b9bf4d5912c02c63.svg]
[discordapp.com/assets/fb6a21ef85b63dec6e7c01c683904e8f.svg]
[discordapp.com/assets/ffa0a8d74568beaa8ec72dd51951685c.svg]
[discordapp.com/assets/97e866482f43d3ebd2496641cd934904.svg]
[discordapp.com/assets/812570a44349d2d8a39326a703d46a48.svg]
[discordapp.com/assets/d031d99c36c9a2ed72572e8aa57c7e29.svg]
[discordapp.com/assets/7d74fde5c67e7d6dd17ebefedce42c74.svg]
[discordapp.com/assets/c4fcc96859526eae2dfd060c7eeaa303.svg]
[discordapp.com/assets/131dcaaa628405e6d0ebee7708111c7a.svg]
[discordapp.com/assets/d0320d29cdef93b8e2baf889a28d32e0.svg]
[discordapp.com/assets/cb022a13e6d1ccbfdc832dbf2d23026a.svg]
[discordapp.com/assets/d2d5349e18523c06528f5a5c5665f804.svg]
[discordapp.com/assets/5c5bb53489a0a9f602df0a24c5981523.svg]
[discordapp.com/assets/eb7df431c75a876011cf8a271e42ef67.svg]
[discordapp.com/assets/0dad6ae26c09abbd543809368519a210.svg]
[discordapp.com/assets/5cead3f236ff233c59ebbf9caeda1b84.svg]
[discordapp.com/assets/f4e75b5cafce1efdfc7013113575f9ff.svg]
[discordapp.com/assets/57084ade1ef56635452abceaca20d0bd.svg]
[discordapp.com/assets/0fce6d7622d8173fcee0397634bff5b5.svg]
[discordapp.com/assets/7619529e87dad31fd2ae83d9b9583e49.svg]
[discordapp.com/assets/60c3eaf0d7173c929482362ea1d2543a.svg]
[discordapp.com/assets/4ab2ee5027741df387151ca717ae5614.svg]
[discordapp.com/assets/a4ef7d20760cef4c165825770fd12ac7.svg]
[discordapp.com/assets/dae57381bd2599b546fc014a41708c06.svg]
[discordapp.com/assets/4dccddb260f35cb6e7c4abd18b407e1a.svg]
[discordapp.com/assets/308ff351ddeee9adf7ad36bc07721744.svg]
[discordapp.com/assets/6a58ca3bc7015878ee64e769fd9d97d6.svg]
[discordapp.com/assets/b17fae7e904d1b03b9b30a0757d72bc1.svg]
[discordapp.com/assets/3408a4597fdee6f7edef69f7fb487b38.svg]
[discordapp.com/assets/83b4390a8982df16d8b75d3282894c0f.svg]
[discordapp.com/assets/f3c851bfdcc86909ac7a0889040ce8fc.svg]
[discordapp.com/assets/555a9bd0f67bc5f7d0c78d5c98ad6dc9.svg]
[discordapp.com/assets/92fc72e47a5854ae12c1167e69573d77.svg]
[discordapp.com/assets/e25713e4eba8c1e069ceac8f90262f62.svg]
[discordapp.com/assets/8436f69c3df6453ce7c9c0deefeddfc1.svg]
[discordapp.com/assets/f815a774c2b98d3109293a4e2afb733c.svg]
[discordapp.com/assets/0c735bf91232f2a2266e6ba9d6753565.svg]
[discordapp.com/assets/3b24a631844102c844f8a27d9634b6fc.svg]
[discordapp.com/assets/2ad33adc723eef7837aa4432d8b8e1be.svg]
[discordapp.com/assets/97645e390161ce066d6a8d010d4d705c.svg]
[discordapp.com/assets/b5d0fabb4afdf0666f3785f8c1d3beff.svg]
[discordapp.com/assets/e0c782560fd96acd7f01fda1f8c6ff24.svg]
[discordapp.com/assets/5b0da31dc2b00717c1e35fb1f84f9b9b.svg]
[discordapp.com/assets/04a2e1509ad72be575b1529b51ea3977.svg]
[discordapp.com/assets/03d37220fc9a402dfc1ac0fc3a0e68f0.svg]
[discordapp.com/assets/013c5f80926ca992c0d708af8ff334ea.svg]
[discordapp.com/assets/bb0498a0c697a956f54f2b26216d6a2e.svg]
[discordapp.com/assets/a873f632f0c10166704d70d7fb966565.svg]
[discordapp.com/assets/19298ddf142a1ceaf0adaeda2f224490.svg]
[discordapp.com/assets/da122e6ea7c85ec7db00cf1949dad206.svg]
[discordapp.com/assets/60a561f293f7769527f40116503320a5.svg]
[discordapp.com/assets/94ff6fdc535b6ecb7b1bc54f2dd56a10.svg]
[discordapp.com/assets/f6af0869894912b0d08e2729fd9c22c9.svg]
[discordapp.com/assets/c486dc65ce2877eeb18e4c39bb49507a.svg]
[discordapp.com/assets/8c1fd3ecbbf620ec49cecda2aa53f256.svg]
[discordapp.com/assets/322977be43163c5e0a9d2a1108ae04c9.svg]
[discordapp.com/assets/b1c929f9160a3fe04306b6aef6fa1c02.svg]
[discordapp.com/assets/124a09b8684fa95bdd529d71fbe66f01.svg]
[discordapp.com/assets/a548e6d1dcea000b680726ff489a84a8.svg]
[discordapp.com/assets/0b298968e0a756e25677771fd6b58b34.svg]
[discordapp.com/assets/0900c33038a1b28283644e5870de552f.svg]
[discordapp.com/assets/0858a3392fd80f98d8957ad7c3e195d3.svg]
[discordapp.com/assets/a7071622918d45eac43d07e0fc92d44c.svg]
[discordapp.com/assets/9d5a0ed6004593447a865df0f7eb149e.svg]
[discordapp.com/assets/38bba2d1bd82fd0b60d33367adccf8b7.svg]
[discordapp.com/assets/fd7c3b7bb65f185a5d91f5302f30ac0c.svg]
[discordapp.com/assets/2cff836e7866cfd41cf71752ed033f1c.svg]
[discordapp.com/assets/b5db5aa26e85a4239c15f10eab2031c0.svg]
[discordapp.com/assets/b5061d752abdcf5f44d6f1a217cd0853.svg]
[discordapp.com/assets/601c3d0141413d8eea298446d32ca099.svg]
[discordapp.com/assets/53947b826826947323199b1a83733067.svg]
[discordapp.com/assets/c428699bc4a1e93837f27f90b12c09e3.svg]
[discordapp.com/assets/b4c2db8382a5bfd5dd7155ed1bdbb3b8.svg]
[discordapp.com/assets/a8bd496e2e9ca833d249a7b18f41efdd.svg]
[discordapp.com/assets/22955365220abc3015256c85523bf98e.svg]
[discordapp.com/assets/1c1c67aae5a734eecf7a911cc5fde2de.svg]
[discordapp.com/assets/436a2bee259beb0347ee31bb238eb1aa.svg]
[discordapp.com/assets/bbb590c56a4598276e5ff9270b6c382a.svg]
[discordapp.com/assets/94eccecad8658fe53d1cd37fab50940d.svg]
[discordapp.com/assets/f38704754b1f737d5fa7bf4545bc5bba.svg]
[discordapp.com/assets/fc3f5f9be1a4db14b02336b7cb02e6ce.svg]
[discordapp.com/assets/edb23a53ea40ac60f212ebae66e5c5c7.svg]
[discordapp.com/assets/343c9ff4c775c66a7d4af1f8691c34e0.svg]
[discordapp.com/assets/30af96a386520760ad107c5b77ba002a.svg]
[discordapp.com/assets/7a9bf92329dad473ef0383ae75367215.svg]
[discordapp.com/assets/4b33371531a1a89f99296a73fc9ef588.svg]
[discordapp.com/assets/a9098042cb36b955c5021259f1d48f91.svg]
[discordapp.com/assets/af043346e036ef7b1aac1cf42cd1e699.svg]
[discordapp.com/assets/2a37995eb832bae805190a93ba043857.svg]
[discordapp.com/assets/0176a91b4c44ed05c05af68784e78da8.svg]
[discordapp.com/assets/84215a5fec3d9de9960a225143238d74.svg]
[discordapp.com/assets/a6975850d800aa86162b4aa5f18c41ac.svg]
[discordapp.com/assets/4ac0e382cc7b8aa0cb1d6d074b0e8ba5.svg]
[discordapp.com/assets/8c85e30795486caa8caacd829703459d.svg]
[discordapp.com/assets/f8cb59be6e5a492dc4f98cfea20e6d82.svg]
[discordapp.com/assets/5b7e23080bfec53f966b806abcde8def.svg]
[discordapp.com/assets/8b86f90154cbe38507a14fdd34367f17.svg]
[discordapp.com/assets/f58cf3b8fc79e9d671ab649ab37651a9.svg]
[discordapp.com/assets/9b1b76abb59b5c8a41daea1342f2138a.svg]
[discordapp.com/assets/33715a0239611123e6088a88a59bd22f.svg]
[discordapp.com/assets/233d4e910b6df8c10238d43fc0013d55.svg]
[discordapp.com/assets/30a3036e40d0f175912ec96c03596e29.svg]
[discordapp.com/assets/d5c25e76af04cea8997e4a060572feae.svg]
[discordapp.com/assets/c23878305091e47e5c82ac7068fa936d.svg]
[discordapp.com/assets/5c08e6a946c329d6b12a4810547b58de.svg]
[discordapp.com/assets/5938438b22779696a9039caf262ff72b.svg]
[discordapp.com/assets/a8564dac0d728add0025be388f5ad7a2.svg]
[discordapp.com/assets/90886907ea157e9e6a20ecac688b31ae.svg]
[discordapp.com/assets/b93ef52d62a513a4f2127a6ca0c3208c.svg]
[discordapp.com/assets/16f17f1916fb411b98e44008b2535a83.svg]
[discordapp.com/assets/43ef95a06d48914382c9350e6e31ce1e.svg]
[discordapp.com/assets/4ff8cb6b5b46bca3c6882c4f6d1c7390.svg]
[discordapp.com/assets/c2e09a95e595bfb12fa040d56ca27db5.svg]
[discordapp.com/assets/ae64c288e355d4d6aff832d4c16b5662.svg]
[discordapp.com/assets/8ff5fffe28b93f25102eaf42da4e6e3b.svg]
[discordapp.com/assets/cfd069bf842ae4234bcab2096b34f331.svg]
[discordapp.com/assets/7616be62f9b90270b5a2e1fe9d2ece4f.svg]
[discordapp.com/assets/07778297eb1e1e3d9bd3cd302920d5fb.svg]
[discordapp.com/assets/db7900a7a191ecf1949f15dd20dce2b2.svg]
[discordapp.com/assets/83d501f2b7dd2987302ce29b321f4494.svg]
[discordapp.com/assets/326d79eb53886c88437e99a3754b1cd0.svg]
[discordapp.com/assets/f9b7cc1482468c130d968400ba20f598.svg]
[discordapp.com/assets/e695cb4a18202a6053674a346e6ba4c2.svg]
[discordapp.com/assets/425c04911bfea22eaaed168b8ff19634.svg]
[discordapp.com/assets/5394ee87ee70ed19baa541daa689210c.svg]
[discordapp.com/assets/3e0be9639d8d4f7fee2266ec79a9af90.svg]
[discordapp.com/assets/53a5882c841b71e9786d6f84c21f8018.svg]
[discordapp.com/assets/a96ad48450382ff5df965439222d1459.svg]
[discordapp.com/assets/ca1d0b393ba2e47bc538233e342af587.svg]
[discordapp.com/assets/7490848d1fcddf075abeb71e2d1aaff3.svg]
[discordapp.com/assets/af4424ffab53593f696947192ff1854a.svg]
[discordapp.com/assets/f0a2cc54695a7064a1f02e5ca8b95ccc.svg]
[discordapp.com/assets/29462d0b6c33d2ed874aa982f6f99326.svg]
[discordapp.com/assets/ba018cf9baa19824316dc4c2beb080a4.svg]
[discordapp.com/assets/4b89ef91230382c6b96b00748a084c75.svg]
[discordapp.com/assets/6acb20d5e709b34b6a7f36ec13648666.svg]
[discordapp.com/assets/4f86d7f58df32580164fc595377c0169.svg]
[discordapp.com/assets/16bd6f7e8c2feedd7fa44d25013e687f.svg]
[discordapp.com/assets/f690b8a9cd33cda18e431d4717fff5ab.svg]
[discordapp.com/assets/1eed0d895df6e35f164d8ed5e84037d2.svg]
[discordapp.com/assets/f93ba18cdc453c1237a7f26f418c07a7.svg]
[discordapp.com/assets/0e17b389a91d9a6394adf634360a8843.svg]
[discordapp.com/assets/45f8f2fff41b2fb694ff780810fa3a96.svg]
[discordapp.com/assets/f899de04ecfface32db505c74a6fd351.svg]
[discordapp.com/assets/2ceb472e89545af8543aa44b072b910d.svg]
[discordapp.com/assets/0e88c0d5ad220379d8e2438dd6444222.svg]
[discordapp.com/assets/9bccf834edfbb31d3b8bd3d72e279f6c.svg]
[discordapp.com/assets/83942d9e1bfaf1e07b77a68504607b72.svg]
[discordapp.com/assets/d211ec6a4c42a1a38e79323b40511eeb.svg]
[discordapp.com/assets/4b9c3419c57d838c4076abc9d34dbea7.svg]
[discordapp.com/assets/c834f632477ae77b1e4b36c14e32c400.svg]
[discordapp.com/assets/a36505883459aecf5df0ae54c6d7495f.svg]
[discordapp.com/assets/4699af7bed6f8dc09678c7058a273fed.svg]
[discordapp.com/assets/74b9da342c47ebf0570fccbaa304c400.svg]
[discordapp.com/assets/7558b67985f4035ed2b2cf9e3072d81f.svg]
[discordapp.com/assets/81ded87ebac6f9d55e8624a3e5167c8f.svg]
[discordapp.com/assets/03863b539aec443327ca2ffc51a89dac.svg]
[discordapp.com/assets/3b65c741e596bc0979f7ba0c42de6fff.svg]
[discordapp.com/assets/e260177e5165e6789e30b9592df75424.svg]
[discordapp.com/assets/854593608c634a933f26c9c57807ce35.svg]
[discordapp.com/assets/44eef677f2a490dc0cb23a67e59a6223.svg]
[discordapp.com/assets/4577a7146df5d177b2d61d16927615ec.svg]
[discordapp.com/assets/a83463d9763516332570b37731572733.svg]
[discordapp.com/assets/849b82ae5737d6bc9e2e9aa775ae824e.svg]
[discordapp.com/assets/20dd85a827abd406dc6d642e0b8f8318.svg]
[discordapp.com/assets/5b4617d4c019fb25a90cb2d9d687f684.svg]
[discordapp.com/assets/38b74213be1746737de58cc497333709.svg]
[discordapp.com/assets/86d242e991560f6cd1f9d2c453d622e8.svg]
[discordapp.com/assets/1550b30e889297c2a911c7d65428018f.svg]
[discordapp.com/assets/49fd891b6dc505a4634b8521c8206359.svg]
[discordapp.com/assets/a53a3ab0bb359e4daafa5fab1b627367.svg]
[discordapp.com/assets/985fa38ded6c8b4030cb8f7c814a333b.svg]
[discordapp.com/assets/d74ea2377c663a5d74789b87e07c657b.svg]
[discordapp.com/assets/2ec655685c2de6476c4a05ac51878429.svg]
[discordapp.com/assets/5a13aa1ab6e6de3a7464e297fd66f5ea.svg]
[discordapp.com/assets/93dcfc8506912b3bc9e38bca76f868be.svg]
[discordapp.com/assets/ec594c6768af37f96532258288f443b6.svg]
[discordapp.com/assets/d1d0faaade7858d1e36fe8b959a1759d.svg]
[discordapp.com/assets/00be7f6ca68f1915a80ae01f061718e5.svg]
[discordapp.com/assets/cb89c31c79a62ae99ec12351c1efb277.svg]
[discordapp.com/assets/92e2f3456fe16b595b25e0bf8e307424.svg]
[discordapp.com/assets/63057dec1b09e97582380bf060ac96f0.svg]
[discordapp.com/assets/4d4bb237c6ab7d39ae86316402a5bd64.svg]
[discordapp.com/assets/f2d64bbdd91ed21362225050574bc871.svg]
[discordapp.com/assets/ESRB_2013_Adults_Only.191.delayed]
[discordapp.com/assets/dabe44acadaefe22357acd28244b1933.svg]
[discordapp.com/assets/ESRB_2013_Rating_Pending_alt.svg]
[discordapp.com/assets/0f70ca2871644a7088a012669e07299c.svg]
[discordapp.com/assets/d0dfff59c4724575857f24869cbdeb26.svg]
[discordapp.com/assets/01087a6958e516f107294541e197693f.svg]
[discordapp.com/assets/3b731e42a2a9fd6b25dbbaab63fd1c4f.svg]
[discordapp.com/assets/b3c1fa853d8ee7e926104cb3c94c16c0.svg]
[discordapp.com/assets/08e84d2915ec96159597ba85fd7c5793.svg]
[discordapp.com/assets/b44da97e40cc628c39b0a0441c356e2d.svg]
[discordapp.com/assets/71e404e665541ef97f99fe9af6593aca.svg]
[discordapp.com/assets/7731c77d99babca1a8faec204d98c380.svg]
[discordapp.com/assets/24b843ed68d70abffbf4fdab9b400cc9.svg]
[discordapp.com/assets/ca511da5c9b326e5cb3f6befab1a3143.svg]
[discordapp.com/assets/296aebeec33f5ce47db9ebbee9ccf1fc.svg]
[discordapp.com/assets/9328a2df4b542ac8725b57010a52f73b.svg]
[discordapp.com/assets/6a737f7b8384b26ac45e389dbab5b43b.svg]
[discordapp.com/assets/95a99c20457b563a45238e98545c2744.svg]
[discordapp.com/assets/f6c22e729e8546947eb67d1e67c24697.svg]
[discordapp.com/assets/977b07ee9069ef7dbf22c1438697d693.svg]
[discordapp.com/assets/916a384814e3bbd2a84e2a1b352a17c3.svg]
[discordapp.com/assets/bf625d222187f542b9d7179109422e2c.svg]
[discordapp.com/assets/8fdb69b7684b8e1ecb3fdde909daca41.svg]
[discordapp.com/assets/ccd6ad0b6897a9f4fb5cc82de4c26317.svg]
[discordapp.com/assets/c65bdfef89fe3a7456a727a4cf58933c.svg]
[discordapp.com/assets/25acad70d165d46b460754aacfdc388b.svg]
[discordapp.com/assets/363100986010f8b6b340e23ffcd54b14.svg]
[discordapp.com/assets/0d3ab098d4a411aa7bffcc98804b91fd.svg]
[discordapp.com/assets/119de0e66a41e5a39d17f2699b34b3f2.svg]
[discordapp.com/assets/afc17a02f2ea7406b0ee518c28414f7c.svg]
[discordapp.com/assets/eb69ec9fdd30653a3ade1ab501a7cd3d.svg]
[discordapp.com/assets/c970061def69b8226617841ca3089219.svg]
[discordapp.com/assets/46b24114f7276738329be3ae84e22da4.svg]
[discordapp.com/assets/b13ade832d7f19e30c5d2452b6cbdd53.svg]
[discordapp.com/assets/c48ff253859d29a8825ddb00b59a4565.svg]
[discordapp.com/assets/cefc9c14adce616059f519c581331b32.svg]
[discordapp.com/assets/890ba09792d4b17f9cffacdd81df6b71.svg]
[discordapp.com/assets/a99de44bba751701d4de08fa81041ed0.svg]
[discordapp.com/assets/860396b3ff3fa1c4ae355bebfabadecb.svg]
[discordapp.com/assets/757364bd612744e9d9f500828124f03c.svg]
[discordapp.com/assets/b21efa6180f92568fade7f05cbb4f872.svg]
[discordapp.com/assets/d03d90cb6f12a7ea06274b278dfa4160.svg]
[discordapp.com/assets/7b6ed225050df29a07cb5db712d35a73.svg]
[discordapp.com/assets/4dbcadc3cf1d0619a4eddb452b72a74d.svg]
[discordapp.com/assets/5a24b20b84fb3eafc138916729386e76.svg]
[discordapp.com/assets/e500b2fe39bd0080b48e740d9d96e240.svg]
[discordapp.com/assets/0e7920033898f01ae5de8497f6371f4b.svg]
[discordapp.com/assets/62361315d5e35b7a6b5f0f0833dac5db.svg]
[discordapp.com/assets/33debfc680a86b77cd72203f1fb4d8a7.svg]
[discordapp.com/assets/0c89a0b25036b406bcbcf37701ec738f.svg]
[discordapp.com/assets/a10842455004efe987e0a27f5209cb4b.svg]
[discordapp.com/assets/5f8406a9cccbd48676551b6250e295e4.svg]
[discordapp.com/assets/c290235278e128e94ae5ac37e58c5cbb.svg]
[discordapp.com/assets/ca452f5271ebcc7132db59f60a2a9cfe.svg]
[discordapp.com/assets/e1969c99c7929450baa3c88fab8e244c.svg]
[discordapp.com/assets/91efb70de850b7180044d04def863f07.svg]
[discordapp.com/assets/5d7b0c4b2a82d63d829b6ea591853c22.svg]
[discordapp.com/assets/2cf1ec0c044e0a2bdf7d818a1c8a7101.svg]
[discordapp.com/assets/743ca46af146337e82c2873bfac05c03.svg]
[discordapp.com/assets/41b546a5b2935c29e058414aa65cecf9.svg]
[discordapp.com/assets/4f1cd2e93ce6be829b3f77b76d8fb83b.svg]
[discordapp.com/assets/02435ae88c6d1605bfd3a0fa6620ab1d.svg]
[discordapp.com/assets/8923d313e1704c4bc45025fc8463affd.svg]
[discordapp.com/assets/0c840f9cc846705b725bd89aec58f994.svg]
[discordapp.com/assets/42c81194eaf9128b942adc5d2a6fd66e.svg]
[discordapp.com/assets/7ca3dac0d2be2df1243c9be265d1ba85.svg]
[discordapp.com/assets/1886d335301dfb2a33bea3d76af6804b.svg]
[discordapp.com/assets/6995a016684f7b81cea3f33964755942.svg]
[discordapp.com/assets/9d77e5ce0a912548cad23cc37734298d.svg]
[discordapp.com/assets/388e9ee0c98652636ba0f7a2ef43760f.svg]
[discordapp.com/assets/70e65c8e9c0a2cb41a9226880486b0a5.svg]
[discordapp.com/assets/eb57a76361c43375bf23207ad2acc631.svg]
[discordapp.com/assets/b9cf5548cc5a23a6943f194a0ace88f8.svg]
[discordapp.com/assets/3bd0d83cb24ccf918b757ab5c18dc564.svg]
[discordapp.com/assets/15bc6312ff83991a86d4eb9be19094d6.svg]
[discordapp.com/assets/7c6b9649a101a9d3e28044d66ee65730.svg]
[discordapp.com/assets/4f004ac9be168ac6ee18fc442a52ab53.svg]
[discordapp.com/assets/a0e288a458c48dfcf548dadc277e42e6.svg]
[discordapp.com/assets/7cfd90c8062139e4804a1fa59f564731.svg]
[discordapp.com/assets/3a050fcc884255231b99b7033c776070.svg]
[discordapp.com/assets/1115767aed344e96a27a12e97718c171.svg]
[discordapp.com/assets/d3478c6bd5cee0fc600e55935ddc81aa.svg]
[discordapp.com/assets/2a085ed9c86f3613935a6a8667ba8b89.svg]
[discordapp.com/assets/75f75c3142b8d44ea7052c2bcb9a9043.svg]
[discordapp.com/assets/d4a8fe68fc5f40c8a778f858881a7b84.svg]
[discordapp.com/assets/5dc48a7859a00e7d95ad8382156aab84.svg]
[discordapp.com/assets/ce15562552e3d70c56d5408cfeed2ffd.svg]
[discordapp.com/assets/379d2b3171722ef8be494231234da5d1.svg]
[discordapp.com/assets/df26f079738a4dcd07cbce6eb3c957f1.svg]
[discordapp.com/assets/a86d7e56b8208da9f8623ac49fe822dc.svg]
[discordapp.com/assets/e85361cd599b6722548c5a5f003b4b78.svg]
[discordapp.com/assets/7a0be61e754af3353d0871070f46a9d6.svg]
[discordapp.com/assets/88f960f400930f109847d0335685de69.svg]
[discordapp.com/assets/a99def5f819c077e5e5061cab741b7e6.svg]
[discordapp.com/assets/2cfb317f3db3963d8ded9a97ee967bac.svg]
[discordapp.com/assets/278736f579d810b11ddf308cb598b19e.svg]
[discordapp.com/assets/38e40f25802a0fdf480d9b855a37a2f3.svg]
[discordapp.com/assets/cfbc2d8ceacfacf07850f986c8165195.svg]
[discordapp.com/assets/4358ad1fb423b346324516453750f569.svg]
[discordapp.com/assets/33fedf082addb91d88abc272b4b18daa.svg]
[discordapp.com/assets/6c73f47daf179ffade99f501bfc5101b.svg]
[discordapp.com/assets/64ae1208b6aefc0a0c3681e6be36f0ff.svg]
[discordapp.com/assets/48cf0556d93901c8cb16317be2436523.svg]
[discordapp.com/assets/9fdc63ef8a3cc1617c7586286c34e4f1.svg]
[discordapp.com/assets/26a2dc8c9d70955a988cb377eec84c22.svg]
[discordapp.com/assets/88d4f11bee9ea34fee59973b33353da0.svg]
[discordapp.com/assets/3245b2cd85b787b195ea8f6e10ef5790.svg]
[discordapp.com/assets/23e59d799436a73c024819f84ea0b627.svg]
[discordapp.com/assets/386884eecd36164487505ddfbac35a9d.svg]
[discordapp.com/assets/f61b8981e92feead854f52e5a1ba14f0.svg]
[discordapp.com/assets/fbb6f1e160280f0e9aeb5d7c452eefe1.svg]
[discordapp.com/assets/b4b741bef6c3de9b29e2e0653e294620.svg]
[discordapp.com/assets/93f5a393e22796a850931483166d7cb9.svg]
[discordapp.com/assets/4c380650960c2b1e1584115d5e9ad63b.svg]
[discordapp.com/assets/438dd7ecbffcf21b6cbf2773ade51a04.svg]
[discordapp.com/assets/7a5f78de816fcecbbd1d5d6e635cc7dd.svg]
[discordapp.com/assets/f31d590e1f3629cd0b614330f4a8ee2a.svg]
[discordapp.com/assets/9ba64f1fa91ccde0eba506c1c33f3d1a.svg]
[discordapp.com/assets/e18336bc1141d8a5e88379e41e91cacb.svg]
[discordapp.com/assets/87ad02315e38924402c7fb5017cf11ab.svg]
[discordapp.com/assets/ca3f5ec71bb86c6aeb015bb0d54a10fa.svg]
[discordapp.com/assets/40311479d87be9ab59aef9571750cd5f.svg]
[discordapp.com/assets/38af48da1542dfedce582fc5e8042285.svg]
[discordapp.com/assets/898a7791572e9e050735eeec7e25739d.svg]
[discordapp.com/assets/424e19296e4f30c0c8424f8407512b94.svg]
[discordapp.com/assets/ffa0a8d74568beaa8ec72dd51951685c.svg]
[discordapp.com/assets/ESRB_2013_Adults_Only.html]
[discordapp.com/assets/ESRB_2013_Rating_Pending_alt.html]
